16-Oct-2023 14:33:41.479 INFO [main] org.apache.catalina.startup.VersionLoggerListener.log Server version name:   Apache Tomcat/8.5.93
16-Oct-2023 14:33:41.489 INFO [main] org.apache.catalina.startup.VersionLoggerListener.log Server built:          Aug 23 2023 22:43:14 UTC
16-Oct-2023 14:33:41.490 INFO [main] org.apache.catalina.startup.VersionLoggerListener.log Server version number: 8.5.93.0
16-Oct-2023 14:33:41.490 INFO [main] org.apache.catalina.startup.VersionLoggerListener.log OS Name:               Mac OS X
16-Oct-2023 14:33:41.490 INFO [main] org.apache.catalina.startup.VersionLoggerListener.log OS Version:            14.0
16-Oct-2023 14:33:41.491 INFO [main] org.apache.catalina.startup.VersionLoggerListener.log Architecture:          x86_64
16-Oct-2023 14:33:41.491 INFO [main] org.apache.catalina.startup.VersionLoggerListener.log Java Home:             /Users/joshuamedina/Library/Java/JavaVirtualMachines/openjdk-20.0.2/Contents/Home
16-Oct-2023 14:33:41.491 INFO [main] org.apache.catalina.startup.VersionLoggerListener.log JVM Version:           20.0.2+9-78
16-Oct-2023 14:33:41.491 INFO [main] org.apache.catalina.startup.VersionLoggerListener.log JVM Vendor:            Oracle Corporation
16-Oct-2023 14:33:41.491 INFO [main] org.apache.catalina.startup.VersionLoggerListener.log CATALINA_BASE:         /Users/joshuamedina/Desktop/ClubSpartan/CS157-Team7/tomcat
16-Oct-2023 14:33:41.491 INFO [main] org.apache.catalina.startup.VersionLoggerListener.log CATALINA_HOME:         /Users/joshuamedina/Desktop/ClubSpartan/CS157-Team7/tomcat
16-Oct-2023 14:33:41.493 INFO [main] org.apache.catalina.startup.VersionLoggerListener.log Command line argument: --add-opens=java.base/java.lang=ALL-UNNAMED
16-Oct-2023 14:33:41.496 INFO [main] org.apache.catalina.startup.VersionLoggerListener.log Command line argument: --add-opens=java.base/java.io=ALL-UNNAMED
16-Oct-2023 14:33:41.496 INFO [main] org.apache.catalina.startup.VersionLoggerListener.log Command line argument: --add-opens=java.base/java.util=ALL-UNNAMED
16-Oct-2023 14:33:41.496 INFO [main] org.apache.catalina.startup.VersionLoggerListener.log Command line argument: --add-opens=java.base/java.util.concurrent=ALL-UNNAMED
16-Oct-2023 14:33:41.496 INFO [main] org.apache.catalina.startup.VersionLoggerListener.log Command line argument: --add-opens=java.rmi/sun.rmi.transport=ALL-UNNAMED
16-Oct-2023 14:33:41.497 INFO [main] org.apache.catalina.startup.VersionLoggerListener.log Command line argument: -Djava.util.logging.config.file=/Users/joshuamedina/Desktop/ClubSpartan/CS157-Team7/tomcat/conf/logging.properties
16-Oct-2023 14:33:41.497 INFO [main] org.apache.catalina.startup.VersionLoggerListener.log Command line argument: -Djava.util.logging.manager=org.apache.juli.ClassLoaderLogManager
16-Oct-2023 14:33:41.497 INFO [main] org.apache.catalina.startup.VersionLoggerListener.log Command line argument: -Djdk.tls.ephemeralDHKeySize=2048
16-Oct-2023 14:33:41.498 INFO [main] org.apache.catalina.startup.VersionLoggerListener.log Command line argument: -Djava.protocol.handler.pkgs=org.apache.catalina.webresources
16-Oct-2023 14:33:41.498 INFO [main] org.apache.catalina.startup.VersionLoggerListener.log Command line argument: -Dorg.apache.catalina.security.SecurityListener.UMASK=0027
16-Oct-2023 14:33:41.499 INFO [main] org.apache.catalina.startup.VersionLoggerListener.log Command line argument: -Dignore.endorsed.dirs=
16-Oct-2023 14:33:41.499 INFO [main] org.apache.catalina.startup.VersionLoggerListener.log Command line argument: -Dcatalina.base=/Users/joshuamedina/Desktop/ClubSpartan/CS157-Team7/tomcat
16-Oct-2023 14:33:41.502 INFO [main] org.apache.catalina.startup.VersionLoggerListener.log Command line argument: -Dcatalina.home=/Users/joshuamedina/Desktop/ClubSpartan/CS157-Team7/tomcat
16-Oct-2023 14:33:41.503 INFO [main] org.apache.catalina.startup.VersionLoggerListener.log Command line argument: -Djava.io.tmpdir=/Users/joshuamedina/Desktop/ClubSpartan/CS157-Team7/tomcat/temp
16-Oct-2023 14:33:41.504 INFO [main] org.apache.catalina.core.AprLifecycleListener.lifecycleEvent The Apache Tomcat Native library which allows using OpenSSL was not found on the java.library.path: [/Users/joshuamedina/Library/Java/Extensions:/Library/Java/Extensions:/Network/Library/Java/Extensions:/System/Library/Java/Extensions:/usr/lib/java:.]
16-Oct-2023 14:33:41.726 INFO [main] org.apache.coyote.AbstractProtocol.init Initializing ProtocolHandler ["http-nio-8080"]
16-Oct-2023 14:33:41.795 INFO [main] org.apache.catalina.startup.Catalina.load Initialization processed in 1524 ms
16-Oct-2023 14:33:41.899 INFO [main] org.apache.catalina.core.StandardService.startInternal Starting service [Catalina]
16-Oct-2023 14:33:41.900 INFO [main] org.apache.catalina.core.StandardEngine.startInternal Starting Servlet engine: [Apache Tomcat/8.5.93]
16-Oct-2023 14:33:41.919 INFO [localhost-startStop-1] org.apache.catalina.startup.HostConfig.deployDirectory Deploying web application directory [/Users/joshuamedina/Desktop/ClubSpartan/CS157-Team7/tomcat/webapps/docs]
16-Oct-2023 14:33:43.501 INFO [localhost-startStop-1] org.apache.jasper.servlet.TldScanner.scanJars At least one JAR was scanned for TLDs yet contained no TLDs. Enable debug logging for this logger for a complete list of JARs that were scanned but no TLDs were found in them. Skipping unneeded JARs during scanning can improve startup time and JSP compilation time.
16-Oct-2023 14:33:43.616 INFO [localhost-startStop-1] org.apache.catalina.startup.HostConfig.deployDirectory Deployment of web application directory [/Users/joshuamedina/Desktop/ClubSpartan/CS157-Team7/tomcat/webapps/docs] has finished in [1,695] ms
16-Oct-2023 14:33:43.618 INFO [localhost-startStop-1] org.apache.catalina.startup.HostConfig.deployDirectory Deploying web application directory [/Users/joshuamedina/Desktop/ClubSpartan/CS157-Team7/tomcat/webapps/manager]
16-Oct-2023 14:33:44.555 INFO [localhost-startStop-1] org.apache.jasper.servlet.TldScanner.scanJars At least one JAR was scanned for TLDs yet contained no TLDs. Enable debug logging for this logger for a complete list of JARs that were scanned but no TLDs were found in them. Skipping unneeded JARs during scanning can improve startup time and JSP compilation time.
16-Oct-2023 14:33:44.585 INFO [localhost-startStop-1] org.apache.catalina.startup.HostConfig.deployDirectory Deployment of web application directory [/Users/joshuamedina/Desktop/ClubSpartan/CS157-Team7/tomcat/webapps/manager] has finished in [967] ms
16-Oct-2023 14:33:44.585 INFO [localhost-startStop-1] org.apache.catalina.startup.HostConfig.deployDirectory Deploying web application directory [/Users/joshuamedina/Desktop/ClubSpartan/CS157-Team7/tomcat/webapps/examples]
16-Oct-2023 14:33:45.306 INFO [localhost-startStop-1] org.apache.jasper.servlet.TldScanner.scanJars At least one JAR was scanned for TLDs yet contained no TLDs. Enable debug logging for this logger for a complete list of JARs that were scanned but no TLDs were found in them. Skipping unneeded JARs during scanning can improve startup time and JSP compilation time.
16-Oct-2023 14:33:45.348 INFO [localhost-startStop-1] org.apache.catalina.startup.HostConfig.deployDirectory Deployment of web application directory [/Users/joshuamedina/Desktop/ClubSpartan/CS157-Team7/tomcat/webapps/examples] has finished in [763] ms
16-Oct-2023 14:33:45.349 INFO [localhost-startStop-1] org.apache.catalina.startup.HostConfig.deployDirectory Deploying web application directory [/Users/joshuamedina/Desktop/ClubSpartan/CS157-Team7/tomcat/webapps/ROOT]
16-Oct-2023 14:33:45.763 INFO [localhost-startStop-1] org.apache.jasper.servlet.TldScanner.scanJars At least one JAR was scanned for TLDs yet contained no TLDs. Enable debug logging for this logger for a complete list of JARs that were scanned but no TLDs were found in them. Skipping unneeded JARs during scanning can improve startup time and JSP compilation time.
16-Oct-2023 14:33:45.771 INFO [localhost-startStop-1] org.apache.catalina.startup.HostConfig.deployDirectory Deployment of web application directory [/Users/joshuamedina/Desktop/ClubSpartan/CS157-Team7/tomcat/webapps/ROOT] has finished in [422] ms
16-Oct-2023 14:33:45.772 INFO [localhost-startStop-1] org.apache.catalina.startup.HostConfig.deployDirectory Deploying web application directory [/Users/joshuamedina/Desktop/ClubSpartan/CS157-Team7/tomcat/webapps/host-manager]
16-Oct-2023 14:33:46.252 INFO [localhost-startStop-1] org.apache.jasper.servlet.TldScanner.scanJars At least one JAR was scanned for TLDs yet contained no TLDs. Enable debug logging for this logger for a complete list of JARs that were scanned but no TLDs were found in them. Skipping unneeded JARs during scanning can improve startup time and JSP compilation time.
16-Oct-2023 14:33:46.258 INFO [localhost-startStop-1] org.apache.catalina.startup.HostConfig.deployDirectory Deployment of web application directory [/Users/joshuamedina/Desktop/ClubSpartan/CS157-Team7/tomcat/webapps/host-manager] has finished in [485] ms
16-Oct-2023 14:33:46.267 INFO [main] org.apache.coyote.AbstractProtocol.start Starting ProtocolHandler ["http-nio-8080"]
16-Oct-2023 14:33:46.290 INFO [main] org.apache.catalina.startup.Catalina.start Server startup in 4486 ms
