10-Sep-2023 16:41:40.869 INFO [localhost-startStop-1] org.apache.catalina.core.ApplicationContext.log ContextListener: contextInitialized()
10-Sep-2023 16:41:40.869 INFO [localhost-startStop-1] org.apache.catalina.core.ApplicationContext.log SessionListener: contextInitialized()
10-Sep-2023 16:41:40.870 INFO [localhost-startStop-1] org.apache.catalina.core.ApplicationContext.log ContextListener: attributeAdded('StockTicker', 'async.Stockticker@141d613')
10-Sep-2023 16:42:17.966 INFO [localhost-startStop-2] org.apache.catalina.core.ApplicationContext.log SessionListener: contextDestroyed()
10-Sep-2023 16:42:17.966 INFO [localhost-startStop-2] org.apache.catalina.core.ApplicationContext.log ContextListener: contextDestroyed()
10-Sep-2023 16:45:15.378 INFO [localhost-startStop-1] org.apache.catalina.core.ApplicationContext.log ContextListener: contextInitialized()
10-Sep-2023 16:45:15.378 INFO [localhost-startStop-1] org.apache.catalina.core.ApplicationContext.log SessionListener: contextInitialized()
10-Sep-2023 16:45:15.379 INFO [localhost-startStop-1] org.apache.catalina.core.ApplicationContext.log ContextListener: attributeAdded('StockTicker', 'async.Stockticker@13e272e')
10-Sep-2023 16:52:39.183 SEVERE [http-nio-8080-exec-4] org.apache.catalina.core.StandardWrapperValve.invoke Servlet.service() for servlet [jsp] in context with path [] threw exception [Unable to compile class for JSP: 

An error occurred at line: [21] in the jsp file: [/index.jsp]
Syntax error on token "8", AssignmentOperator expected after this token
18:         user = "root";
19:         String password = "CS157A@sjsu";
20:         try {
21:         8
22:         Example - MySQL JSP Database Connect
23:         java.sql.Connection con;
24:         Class.forName("com.mysql.jdbc.Driver");


An error occurred at line: [21] in the jsp file: [/index.jsp]
The left-hand side of an assignment must be a variable
18:         user = "root";
19:         String password = "CS157A@sjsu";
20:         try {
21:         8
22:         Example - MySQL JSP Database Connect
23:         java.sql.Connection con;
24:         Class.forName("com.mysql.jdbc.Driver");


An error occurred at line: [22] in the jsp file: [/index.jsp]
Syntax error on token "JSP", ; expected
19:         String password = "CS157A@sjsu";
20:         try {
21:         8
22:         Example - MySQL JSP Database Connect
23:         java.sql.Connection con;
24:         Class.forName("com.mysql.jdbc.Driver");
25:         con = DriverManager.getConnection("jdbc:mysql://localhost:3306/Wu?autoReconnect=true&useSSL=false",user,


An error occurred at line: [22] in the jsp file: [/index.jsp]
Database cannot be resolved to a type
19:         String password = "CS157A@sjsu";
20:         try {
21:         8
22:         Example - MySQL JSP Database Connect
23:         java.sql.Connection con;
24:         Class.forName("com.mysql.jdbc.Driver");
25:         con = DriverManager.getConnection("jdbc:mysql://localhost:3306/Wu?autoReconnect=true&useSSL=false",user,


An error occurred at line: [22] in the jsp file: [/index.jsp]
Syntax error, insert ";" to complete LocalVariableDeclarationStatement
19:         String password = "CS157A@sjsu";
20:         try {
21:         8
22:         Example - MySQL JSP Database Connect
23:         java.sql.Connection con;
24:         Class.forName("com.mysql.jdbc.Driver");
25:         con = DriverManager.getConnection("jdbc:mysql://localhost:3306/Wu?autoReconnect=true&useSSL=false",user,


Stacktrace:] with root cause
	org.apache.jasper.JasperException: Unable to compile class for JSP: 

An error occurred at line: [21] in the jsp file: [/index.jsp]
Syntax error on token "8", AssignmentOperator expected after this token
18:         user = "root";
19:         String password = "CS157A@sjsu";
20:         try {
21:         8
22:         Example - MySQL JSP Database Connect
23:         java.sql.Connection con;
24:         Class.forName("com.mysql.jdbc.Driver");


An error occurred at line: [21] in the jsp file: [/index.jsp]
The left-hand side of an assignment must be a variable
18:         user = "root";
19:         String password = "CS157A@sjsu";
20:         try {
21:         8
22:         Example - MySQL JSP Database Connect
23:         java.sql.Connection con;
24:         Class.forName("com.mysql.jdbc.Driver");


An error occurred at line: [22] in the jsp file: [/index.jsp]
Syntax error on token "JSP", ; expected
19:         String password = "CS157A@sjsu";
20:         try {
21:         8
22:         Example - MySQL JSP Database Connect
23:         java.sql.Connection con;
24:         Class.forName("com.mysql.jdbc.Driver");
25:         con = DriverManager.getConnection("jdbc:mysql://localhost:3306/Wu?autoReconnect=true&useSSL=false",user,


An error occurred at line: [22] in the jsp file: [/index.jsp]
Database cannot be resolved to a type
19:         String password = "CS157A@sjsu";
20:         try {
21:         8
22:         Example - MySQL JSP Database Connect
23:         java.sql.Connection con;
24:         Class.forName("com.mysql.jdbc.Driver");
25:         con = DriverManager.getConnection("jdbc:mysql://localhost:3306/Wu?autoReconnect=true&useSSL=false",user,


An error occurred at line: [22] in the jsp file: [/index.jsp]
Syntax error, insert ";" to complete LocalVariableDeclarationStatement
19:         String password = "CS157A@sjsu";
20:         try {
21:         8
22:         Example - MySQL JSP Database Connect
23:         java.sql.Connection con;
24:         Class.forName("com.mysql.jdbc.Driver");
25:         con = DriverManager.getConnection("jdbc:mysql://localhost:3306/Wu?autoReconnect=true&useSSL=false",user,


Stacktrace:
		at org.apache.jasper.compiler.DefaultErrorHandler.javacError(DefaultErrorHandler.java:102)
		at org.apache.jasper.compiler.ErrorDispatcher.javacError(ErrorDispatcher.java:213)
		at org.apache.jasper.compiler.JDTCompiler.generateClass(JDTCompiler.java:600)
		at org.apache.jasper.compiler.Compiler.compile(Compiler.java:381)
		at org.apache.jasper.compiler.Compiler.compile(Compiler.java:351)
		at org.apache.jasper.compiler.Compiler.compile(Compiler.java:335)
		at org.apache.jasper.JspCompilationContext.compile(JspCompilationContext.java:597)
		at org.apache.jasper.servlet.JspServletWrapper.service(JspServletWrapper.java:398)
		at org.apache.jasper.servlet.JspServlet.serviceJspFile(JspServlet.java:383)
		at org.apache.jasper.servlet.JspServlet.service(JspServlet.java:331)
		at javax.servlet.http.HttpServlet.service(HttpServlet.java:583)
		at org.apache.catalina.core.ApplicationFilterChain.internalDoFilter(ApplicationFilterChain.java:212)
		at org.apache.catalina.core.ApplicationFilterChain.doFilter(ApplicationFilterChain.java:156)
		at org.apache.tomcat.websocket.server.WsFilter.doFilter(WsFilter.java:51)
		at org.apache.catalina.core.ApplicationFilterChain.internalDoFilter(ApplicationFilterChain.java:181)
		at org.apache.catalina.core.ApplicationFilterChain.doFilter(ApplicationFilterChain.java:156)
		at org.apache.catalina.core.StandardWrapperValve.invoke(StandardWrapperValve.java:168)
		at org.apache.catalina.core.StandardContextValve.invoke(StandardContextValve.java:90)
		at org.apache.catalina.authenticator.AuthenticatorBase.invoke(AuthenticatorBase.java:483)
		at org.apache.catalina.core.StandardHostValve.invoke(StandardHostValve.java:130)
		at org.apache.catalina.valves.ErrorReportValve.invoke(ErrorReportValve.java:93)
		at org.apache.catalina.valves.AbstractAccessLogValve.invoke(AbstractAccessLogValve.java:679)
		at org.apache.catalina.core.StandardEngineValve.invoke(StandardEngineValve.java:74)
		at org.apache.catalina.connector.CoyoteAdapter.service(CoyoteAdapter.java:343)
		at org.apache.coyote.http11.Http11Processor.service(Http11Processor.java:617)
		at org.apache.coyote.AbstractProcessorLight.process(AbstractProcessorLight.java:63)
		at org.apache.coyote.AbstractProtocol$ConnectionHandler.process(AbstractProtocol.java:932)
		at org.apache.tomcat.util.net.NioEndpoint$SocketProcessor.doRun(NioEndpoint.java:1694)
		at org.apache.tomcat.util.net.SocketProcessorBase.run(SocketProcessorBase.java:52)
		at org.apache.tomcat.util.threads.ThreadPoolExecutor.runWorker(ThreadPoolExecutor.java:1191)
		at org.apache.tomcat.util.threads.ThreadPoolExecutor$Worker.run(ThreadPoolExecutor.java:659)
		at org.apache.tomcat.util.threads.TaskThread$WrappingRunnable.run(TaskThread.java:61)
		at java.lang.Thread.run(Unknown Source)
10-Sep-2023 16:53:35.163 SEVERE [http-nio-8080-exec-7] org.apache.catalina.core.StandardWrapperValve.invoke Servlet.service() for servlet [jsp] in context with path [] threw exception [Unable to compile class for JSP: 

An error occurred at line: [21] in the jsp file: [/index.jsp]
Syntax error on token "8", AssignmentOperator expected after this token
18:         user = "root";
19:         String password = "5926";
20:         try {
21:         8
22:         Example - MySQL JSP Database Connect
23:         java.sql.Connection con;
24:         Class.forName("com.mysql.jdbc.Driver");


An error occurred at line: [21] in the jsp file: [/index.jsp]
The left-hand side of an assignment must be a variable
18:         user = "root";
19:         String password = "5926";
20:         try {
21:         8
22:         Example - MySQL JSP Database Connect
23:         java.sql.Connection con;
24:         Class.forName("com.mysql.jdbc.Driver");


An error occurred at line: [22] in the jsp file: [/index.jsp]
Syntax error on token "JSP", ; expected
19:         String password = "5926";
20:         try {
21:         8
22:         Example - MySQL JSP Database Connect
23:         java.sql.Connection con;
24:         Class.forName("com.mysql.jdbc.Driver");
25:         con = DriverManager.getConnection("jdbc:mysql://localhost:3306/gevorgyan?autoReconnect=true&useSSL=false",user,


An error occurred at line: [22] in the jsp file: [/index.jsp]
Database cannot be resolved to a type
19:         String password = "5926";
20:         try {
21:         8
22:         Example - MySQL JSP Database Connect
23:         java.sql.Connection con;
24:         Class.forName("com.mysql.jdbc.Driver");
25:         con = DriverManager.getConnection("jdbc:mysql://localhost:3306/gevorgyan?autoReconnect=true&useSSL=false",user,


An error occurred at line: [22] in the jsp file: [/index.jsp]
Syntax error, insert ";" to complete LocalVariableDeclarationStatement
19:         String password = "5926";
20:         try {
21:         8
22:         Example - MySQL JSP Database Connect
23:         java.sql.Connection con;
24:         Class.forName("com.mysql.jdbc.Driver");
25:         con = DriverManager.getConnection("jdbc:mysql://localhost:3306/gevorgyan?autoReconnect=true&useSSL=false",user,


Stacktrace:] with root cause
	org.apache.jasper.JasperException: Unable to compile class for JSP: 

An error occurred at line: [21] in the jsp file: [/index.jsp]
Syntax error on token "8", AssignmentOperator expected after this token
18:         user = "root";
19:         String password = "5926";
20:         try {
21:         8
22:         Example - MySQL JSP Database Connect
23:         java.sql.Connection con;
24:         Class.forName("com.mysql.jdbc.Driver");


An error occurred at line: [21] in the jsp file: [/index.jsp]
The left-hand side of an assignment must be a variable
18:         user = "root";
19:         String password = "5926";
20:         try {
21:         8
22:         Example - MySQL JSP Database Connect
23:         java.sql.Connection con;
24:         Class.forName("com.mysql.jdbc.Driver");


An error occurred at line: [22] in the jsp file: [/index.jsp]
Syntax error on token "JSP", ; expected
19:         String password = "5926";
20:         try {
21:         8
22:         Example - MySQL JSP Database Connect
23:         java.sql.Connection con;
24:         Class.forName("com.mysql.jdbc.Driver");
25:         con = DriverManager.getConnection("jdbc:mysql://localhost:3306/gevorgyan?autoReconnect=true&useSSL=false",user,


An error occurred at line: [22] in the jsp file: [/index.jsp]
Database cannot be resolved to a type
19:         String password = "5926";
20:         try {
21:         8
22:         Example - MySQL JSP Database Connect
23:         java.sql.Connection con;
24:         Class.forName("com.mysql.jdbc.Driver");
25:         con = DriverManager.getConnection("jdbc:mysql://localhost:3306/gevorgyan?autoReconnect=true&useSSL=false",user,


An error occurred at line: [22] in the jsp file: [/index.jsp]
Syntax error, insert ";" to complete LocalVariableDeclarationStatement
19:         String password = "5926";
20:         try {
21:         8
22:         Example - MySQL JSP Database Connect
23:         java.sql.Connection con;
24:         Class.forName("com.mysql.jdbc.Driver");
25:         con = DriverManager.getConnection("jdbc:mysql://localhost:3306/gevorgyan?autoReconnect=true&useSSL=false",user,


Stacktrace:
		at org.apache.jasper.compiler.DefaultErrorHandler.javacError(DefaultErrorHandler.java:102)
		at org.apache.jasper.compiler.ErrorDispatcher.javacError(ErrorDispatcher.java:213)
		at org.apache.jasper.compiler.JDTCompiler.generateClass(JDTCompiler.java:600)
		at org.apache.jasper.compiler.Compiler.compile(Compiler.java:381)
		at org.apache.jasper.compiler.Compiler.compile(Compiler.java:351)
		at org.apache.jasper.compiler.Compiler.compile(Compiler.java:335)
		at org.apache.jasper.JspCompilationContext.compile(JspCompilationContext.java:597)
		at org.apache.jasper.servlet.JspServletWrapper.service(JspServletWrapper.java:398)
		at org.apache.jasper.servlet.JspServlet.serviceJspFile(JspServlet.java:383)
		at org.apache.jasper.servlet.JspServlet.service(JspServlet.java:331)
		at javax.servlet.http.HttpServlet.service(HttpServlet.java:583)
		at org.apache.catalina.core.ApplicationFilterChain.internalDoFilter(ApplicationFilterChain.java:212)
		at org.apache.catalina.core.ApplicationFilterChain.doFilter(ApplicationFilterChain.java:156)
		at org.apache.tomcat.websocket.server.WsFilter.doFilter(WsFilter.java:51)
		at org.apache.catalina.core.ApplicationFilterChain.internalDoFilter(ApplicationFilterChain.java:181)
		at org.apache.catalina.core.ApplicationFilterChain.doFilter(ApplicationFilterChain.java:156)
		at org.apache.catalina.core.StandardWrapperValve.invoke(StandardWrapperValve.java:168)
		at org.apache.catalina.core.StandardContextValve.invoke(StandardContextValve.java:90)
		at org.apache.catalina.authenticator.AuthenticatorBase.invoke(AuthenticatorBase.java:483)
		at org.apache.catalina.core.StandardHostValve.invoke(StandardHostValve.java:130)
		at org.apache.catalina.valves.ErrorReportValve.invoke(ErrorReportValve.java:93)
		at org.apache.catalina.valves.AbstractAccessLogValve.invoke(AbstractAccessLogValve.java:679)
		at org.apache.catalina.core.StandardEngineValve.invoke(StandardEngineValve.java:74)
		at org.apache.catalina.connector.CoyoteAdapter.service(CoyoteAdapter.java:343)
		at org.apache.coyote.http11.Http11Processor.service(Http11Processor.java:617)
		at org.apache.coyote.AbstractProcessorLight.process(AbstractProcessorLight.java:63)
		at org.apache.coyote.AbstractProtocol$ConnectionHandler.process(AbstractProtocol.java:932)
		at org.apache.tomcat.util.net.NioEndpoint$SocketProcessor.doRun(NioEndpoint.java:1694)
		at org.apache.tomcat.util.net.SocketProcessorBase.run(SocketProcessorBase.java:52)
		at org.apache.tomcat.util.threads.ThreadPoolExecutor.runWorker(ThreadPoolExecutor.java:1191)
		at org.apache.tomcat.util.threads.ThreadPoolExecutor$Worker.run(ThreadPoolExecutor.java:659)
		at org.apache.tomcat.util.threads.TaskThread$WrappingRunnable.run(TaskThread.java:61)
		at java.lang.Thread.run(Unknown Source)
10-Sep-2023 16:53:41.306 INFO [localhost-startStop-2] org.apache.catalina.core.ApplicationContext.log SessionListener: contextDestroyed()
10-Sep-2023 16:53:41.306 INFO [localhost-startStop-2] org.apache.catalina.core.ApplicationContext.log ContextListener: contextDestroyed()
10-Sep-2023 16:53:45.507 INFO [localhost-startStop-1] org.apache.catalina.core.ApplicationContext.log ContextListener: contextInitialized()
10-Sep-2023 16:53:45.507 INFO [localhost-startStop-1] org.apache.catalina.core.ApplicationContext.log SessionListener: contextInitialized()
10-Sep-2023 16:53:45.508 INFO [localhost-startStop-1] org.apache.catalina.core.ApplicationContext.log ContextListener: attributeAdded('StockTicker', 'async.Stockticker@13e272e')
10-Sep-2023 16:53:50.360 SEVERE [http-nio-8080-exec-1] org.apache.catalina.core.StandardWrapperValve.invoke Servlet.service() for servlet [jsp] in context with path [] threw exception [Unable to compile class for JSP: 

An error occurred at line: [21] in the jsp file: [/index.jsp]
Syntax error on token "8", AssignmentOperator expected after this token
18:         user = "root";
19:         String password = "5926";
20:         try {
21:         8
22:         Example - MySQL JSP Database Connect
23:         java.sql.Connection con;
24:         Class.forName("com.mysql.jdbc.Driver");


An error occurred at line: [21] in the jsp file: [/index.jsp]
The left-hand side of an assignment must be a variable
18:         user = "root";
19:         String password = "5926";
20:         try {
21:         8
22:         Example - MySQL JSP Database Connect
23:         java.sql.Connection con;
24:         Class.forName("com.mysql.jdbc.Driver");


An error occurred at line: [22] in the jsp file: [/index.jsp]
Syntax error on token "JSP", ; expected
19:         String password = "5926";
20:         try {
21:         8
22:         Example - MySQL JSP Database Connect
23:         java.sql.Connection con;
24:         Class.forName("com.mysql.jdbc.Driver");
25:         con = DriverManager.getConnection("jdbc:mysql://localhost:3306/gevorgyan?autoReconnect=true&useSSL=false",user,


An error occurred at line: [22] in the jsp file: [/index.jsp]
Database cannot be resolved to a type
19:         String password = "5926";
20:         try {
21:         8
22:         Example - MySQL JSP Database Connect
23:         java.sql.Connection con;
24:         Class.forName("com.mysql.jdbc.Driver");
25:         con = DriverManager.getConnection("jdbc:mysql://localhost:3306/gevorgyan?autoReconnect=true&useSSL=false",user,


An error occurred at line: [22] in the jsp file: [/index.jsp]
Syntax error, insert ";" to complete LocalVariableDeclarationStatement
19:         String password = "5926";
20:         try {
21:         8
22:         Example - MySQL JSP Database Connect
23:         java.sql.Connection con;
24:         Class.forName("com.mysql.jdbc.Driver");
25:         con = DriverManager.getConnection("jdbc:mysql://localhost:3306/gevorgyan?autoReconnect=true&useSSL=false",user,


Stacktrace:] with root cause
	org.apache.jasper.JasperException: Unable to compile class for JSP: 

An error occurred at line: [21] in the jsp file: [/index.jsp]
Syntax error on token "8", AssignmentOperator expected after this token
18:         user = "root";
19:         String password = "5926";
20:         try {
21:         8
22:         Example - MySQL JSP Database Connect
23:         java.sql.Connection con;
24:         Class.forName("com.mysql.jdbc.Driver");


An error occurred at line: [21] in the jsp file: [/index.jsp]
The left-hand side of an assignment must be a variable
18:         user = "root";
19:         String password = "5926";
20:         try {
21:         8
22:         Example - MySQL JSP Database Connect
23:         java.sql.Connection con;
24:         Class.forName("com.mysql.jdbc.Driver");


An error occurred at line: [22] in the jsp file: [/index.jsp]
Syntax error on token "JSP", ; expected
19:         String password = "5926";
20:         try {
21:         8
22:         Example - MySQL JSP Database Connect
23:         java.sql.Connection con;
24:         Class.forName("com.mysql.jdbc.Driver");
25:         con = DriverManager.getConnection("jdbc:mysql://localhost:3306/gevorgyan?autoReconnect=true&useSSL=false",user,


An error occurred at line: [22] in the jsp file: [/index.jsp]
Database cannot be resolved to a type
19:         String password = "5926";
20:         try {
21:         8
22:         Example - MySQL JSP Database Connect
23:         java.sql.Connection con;
24:         Class.forName("com.mysql.jdbc.Driver");
25:         con = DriverManager.getConnection("jdbc:mysql://localhost:3306/gevorgyan?autoReconnect=true&useSSL=false",user,


An error occurred at line: [22] in the jsp file: [/index.jsp]
Syntax error, insert ";" to complete LocalVariableDeclarationStatement
19:         String password = "5926";
20:         try {
21:         8
22:         Example - MySQL JSP Database Connect
23:         java.sql.Connection con;
24:         Class.forName("com.mysql.jdbc.Driver");
25:         con = DriverManager.getConnection("jdbc:mysql://localhost:3306/gevorgyan?autoReconnect=true&useSSL=false",user,


Stacktrace:
		at org.apache.jasper.compiler.DefaultErrorHandler.javacError(DefaultErrorHandler.java:102)
		at org.apache.jasper.compiler.ErrorDispatcher.javacError(ErrorDispatcher.java:213)
		at org.apache.jasper.compiler.JDTCompiler.generateClass(JDTCompiler.java:600)
		at org.apache.jasper.compiler.Compiler.compile(Compiler.java:381)
		at org.apache.jasper.compiler.Compiler.compile(Compiler.java:351)
		at org.apache.jasper.compiler.Compiler.compile(Compiler.java:335)
		at org.apache.jasper.JspCompilationContext.compile(JspCompilationContext.java:597)
		at org.apache.jasper.servlet.JspServletWrapper.service(JspServletWrapper.java:398)
		at org.apache.jasper.servlet.JspServlet.serviceJspFile(JspServlet.java:383)
		at org.apache.jasper.servlet.JspServlet.service(JspServlet.java:331)
		at javax.servlet.http.HttpServlet.service(HttpServlet.java:583)
		at org.apache.catalina.core.ApplicationFilterChain.internalDoFilter(ApplicationFilterChain.java:212)
		at org.apache.catalina.core.ApplicationFilterChain.doFilter(ApplicationFilterChain.java:156)
		at org.apache.tomcat.websocket.server.WsFilter.doFilter(WsFilter.java:51)
		at org.apache.catalina.core.ApplicationFilterChain.internalDoFilter(ApplicationFilterChain.java:181)
		at org.apache.catalina.core.ApplicationFilterChain.doFilter(ApplicationFilterChain.java:156)
		at org.apache.catalina.core.StandardWrapperValve.invoke(StandardWrapperValve.java:168)
		at org.apache.catalina.core.StandardContextValve.invoke(StandardContextValve.java:90)
		at org.apache.catalina.authenticator.AuthenticatorBase.invoke(AuthenticatorBase.java:483)
		at org.apache.catalina.core.StandardHostValve.invoke(StandardHostValve.java:130)
		at org.apache.catalina.valves.ErrorReportValve.invoke(ErrorReportValve.java:93)
		at org.apache.catalina.valves.AbstractAccessLogValve.invoke(AbstractAccessLogValve.java:679)
		at org.apache.catalina.core.StandardEngineValve.invoke(StandardEngineValve.java:74)
		at org.apache.catalina.connector.CoyoteAdapter.service(CoyoteAdapter.java:343)
		at org.apache.coyote.http11.Http11Processor.service(Http11Processor.java:617)
		at org.apache.coyote.AbstractProcessorLight.process(AbstractProcessorLight.java:63)
		at org.apache.coyote.AbstractProtocol$ConnectionHandler.process(AbstractProtocol.java:932)
		at org.apache.tomcat.util.net.NioEndpoint$SocketProcessor.doRun(NioEndpoint.java:1694)
		at org.apache.tomcat.util.net.SocketProcessorBase.run(SocketProcessorBase.java:52)
		at org.apache.tomcat.util.threads.ThreadPoolExecutor.runWorker(ThreadPoolExecutor.java:1191)
		at org.apache.tomcat.util.threads.ThreadPoolExecutor$Worker.run(ThreadPoolExecutor.java:659)
		at org.apache.tomcat.util.threads.TaskThread$WrappingRunnable.run(TaskThread.java:61)
		at java.lang.Thread.run(Unknown Source)
10-Sep-2023 16:54:35.485 SEVERE [http-nio-8080-exec-5] org.apache.catalina.core.StandardWrapperValve.invoke Servlet.service() for servlet [jsp] in context with path [] threw exception [Unable to compile class for JSP: 

An error occurred at line: [22] in the jsp file: [/index.jsp]
Syntax error on token "8", AssignmentOperator expected after this token
19:         String password = "5926";
20:         try 
21:         {
22:             8
23:             Example - MySQL JSP Database Connect
24:             java.sql.Connection con;
25:             Class.forName("com.mysql.jdbc.Driver");


An error occurred at line: [22] in the jsp file: [/index.jsp]
The left-hand side of an assignment must be a variable
19:         String password = "5926";
20:         try 
21:         {
22:             8
23:             Example - MySQL JSP Database Connect
24:             java.sql.Connection con;
25:             Class.forName("com.mysql.jdbc.Driver");


An error occurred at line: [23] in the jsp file: [/index.jsp]
Syntax error on token "JSP", ; expected
20:         try 
21:         {
22:             8
23:             Example - MySQL JSP Database Connect
24:             java.sql.Connection con;
25:             Class.forName("com.mysql.jdbc.Driver");
26:             con = DriverManager.getConnection("jdbc:mysql://localhost:3306/gevorgyan?autoReconnect=true&useSSL=false",user,


An error occurred at line: [23] in the jsp file: [/index.jsp]
Database cannot be resolved to a type
20:         try 
21:         {
22:             8
23:             Example - MySQL JSP Database Connect
24:             java.sql.Connection con;
25:             Class.forName("com.mysql.jdbc.Driver");
26:             con = DriverManager.getConnection("jdbc:mysql://localhost:3306/gevorgyan?autoReconnect=true&useSSL=false",user,


An error occurred at line: [23] in the jsp file: [/index.jsp]
Syntax error, insert ";" to complete LocalVariableDeclarationStatement
20:         try 
21:         {
22:             8
23:             Example - MySQL JSP Database Connect
24:             java.sql.Connection con;
25:             Class.forName("com.mysql.jdbc.Driver");
26:             con = DriverManager.getConnection("jdbc:mysql://localhost:3306/gevorgyan?autoReconnect=true&useSSL=false",user,


Stacktrace:] with root cause
	org.apache.jasper.JasperException: Unable to compile class for JSP: 

An error occurred at line: [22] in the jsp file: [/index.jsp]
Syntax error on token "8", AssignmentOperator expected after this token
19:         String password = "5926";
20:         try 
21:         {
22:             8
23:             Example - MySQL JSP Database Connect
24:             java.sql.Connection con;
25:             Class.forName("com.mysql.jdbc.Driver");


An error occurred at line: [22] in the jsp file: [/index.jsp]
The left-hand side of an assignment must be a variable
19:         String password = "5926";
20:         try 
21:         {
22:             8
23:             Example - MySQL JSP Database Connect
24:             java.sql.Connection con;
25:             Class.forName("com.mysql.jdbc.Driver");


An error occurred at line: [23] in the jsp file: [/index.jsp]
Syntax error on token "JSP", ; expected
20:         try 
21:         {
22:             8
23:             Example - MySQL JSP Database Connect
24:             java.sql.Connection con;
25:             Class.forName("com.mysql.jdbc.Driver");
26:             con = DriverManager.getConnection("jdbc:mysql://localhost:3306/gevorgyan?autoReconnect=true&useSSL=false",user,


An error occurred at line: [23] in the jsp file: [/index.jsp]
Database cannot be resolved to a type
20:         try 
21:         {
22:             8
23:             Example - MySQL JSP Database Connect
24:             java.sql.Connection con;
25:             Class.forName("com.mysql.jdbc.Driver");
26:             con = DriverManager.getConnection("jdbc:mysql://localhost:3306/gevorgyan?autoReconnect=true&useSSL=false",user,


An error occurred at line: [23] in the jsp file: [/index.jsp]
Syntax error, insert ";" to complete LocalVariableDeclarationStatement
20:         try 
21:         {
22:             8
23:             Example - MySQL JSP Database Connect
24:             java.sql.Connection con;
25:             Class.forName("com.mysql.jdbc.Driver");
26:             con = DriverManager.getConnection("jdbc:mysql://localhost:3306/gevorgyan?autoReconnect=true&useSSL=false",user,


Stacktrace:
		at org.apache.jasper.compiler.DefaultErrorHandler.javacError(DefaultErrorHandler.java:102)
		at org.apache.jasper.compiler.ErrorDispatcher.javacError(ErrorDispatcher.java:213)
		at org.apache.jasper.compiler.JDTCompiler.generateClass(JDTCompiler.java:600)
		at org.apache.jasper.compiler.Compiler.compile(Compiler.java:381)
		at org.apache.jasper.compiler.Compiler.compile(Compiler.java:351)
		at org.apache.jasper.compiler.Compiler.compile(Compiler.java:335)
		at org.apache.jasper.JspCompilationContext.compile(JspCompilationContext.java:597)
		at org.apache.jasper.servlet.JspServletWrapper.service(JspServletWrapper.java:398)
		at org.apache.jasper.servlet.JspServlet.serviceJspFile(JspServlet.java:383)
		at org.apache.jasper.servlet.JspServlet.service(JspServlet.java:331)
		at javax.servlet.http.HttpServlet.service(HttpServlet.java:583)
		at org.apache.catalina.core.ApplicationFilterChain.internalDoFilter(ApplicationFilterChain.java:212)
		at org.apache.catalina.core.ApplicationFilterChain.doFilter(ApplicationFilterChain.java:156)
		at org.apache.tomcat.websocket.server.WsFilter.doFilter(WsFilter.java:51)
		at org.apache.catalina.core.ApplicationFilterChain.internalDoFilter(ApplicationFilterChain.java:181)
		at org.apache.catalina.core.ApplicationFilterChain.doFilter(ApplicationFilterChain.java:156)
		at org.apache.catalina.core.StandardWrapperValve.invoke(StandardWrapperValve.java:168)
		at org.apache.catalina.core.StandardContextValve.invoke(StandardContextValve.java:90)
		at org.apache.catalina.authenticator.AuthenticatorBase.invoke(AuthenticatorBase.java:483)
		at org.apache.catalina.core.StandardHostValve.invoke(StandardHostValve.java:130)
		at org.apache.catalina.valves.ErrorReportValve.invoke(ErrorReportValve.java:93)
		at org.apache.catalina.valves.AbstractAccessLogValve.invoke(AbstractAccessLogValve.java:679)
		at org.apache.catalina.core.StandardEngineValve.invoke(StandardEngineValve.java:74)
		at org.apache.catalina.connector.CoyoteAdapter.service(CoyoteAdapter.java:343)
		at org.apache.coyote.http11.Http11Processor.service(Http11Processor.java:617)
		at org.apache.coyote.AbstractProcessorLight.process(AbstractProcessorLight.java:63)
		at org.apache.coyote.AbstractProtocol$ConnectionHandler.process(AbstractProtocol.java:932)
		at org.apache.tomcat.util.net.NioEndpoint$SocketProcessor.doRun(NioEndpoint.java:1694)
		at org.apache.tomcat.util.net.SocketProcessorBase.run(SocketProcessorBase.java:52)
		at org.apache.tomcat.util.threads.ThreadPoolExecutor.runWorker(ThreadPoolExecutor.java:1191)
		at org.apache.tomcat.util.threads.ThreadPoolExecutor$Worker.run(ThreadPoolExecutor.java:659)
		at org.apache.tomcat.util.threads.TaskThread$WrappingRunnable.run(TaskThread.java:61)
		at java.lang.Thread.run(Unknown Source)
10-Sep-2023 16:54:54.823 SEVERE [http-nio-8080-exec-6] org.apache.catalina.core.StandardWrapperValve.invoke Servlet.service() for servlet [jsp] in context with path [] threw exception [An exception occurred processing [/index.jsp] at line [23]

20:         try 
21:         {
22:             java.sql.Connection con;
23:             Class.forName("com.mysql.jdbc.Driver");
24:             con = DriverManager.getConnection("jdbc:mysql://localhost:3306/gevorgyan?autoReconnect=true&useSSL=false",user,
25:             password);
26:             out.println(db + " database successfully opened.<br/><br/>");


Stacktrace:] with root cause
	java.lang.ClassNotFoundException: com.mysql.jdbc.Driver
		at org.apache.catalina.loader.WebappClassLoaderBase.loadClass(WebappClassLoaderBase.java:1420)
		at org.apache.catalina.loader.WebappClassLoaderBase.loadClass(WebappClassLoaderBase.java:1228)
		at org.apache.jasper.servlet.JasperLoader.loadClass(JasperLoader.java:122)
		at org.apache.jasper.servlet.JasperLoader.loadClass(JasperLoader.java:58)
		at java.lang.Class.forName0(Native Method)
		at java.lang.Class.forName(Unknown Source)
		at org.apache.jsp.index_jsp._jspService(index_jsp.java:134)
		at org.apache.jasper.runtime.HttpJspBase.service(HttpJspBase.java:70)
		at javax.servlet.http.HttpServlet.service(HttpServlet.java:583)
		at org.apache.jasper.servlet.JspServletWrapper.service(JspServletWrapper.java:465)
		at org.apache.jasper.servlet.JspServlet.serviceJspFile(JspServlet.java:383)
		at org.apache.jasper.servlet.JspServlet.service(JspServlet.java:331)
		at javax.servlet.http.HttpServlet.service(HttpServlet.java:583)
		at org.apache.catalina.core.ApplicationFilterChain.internalDoFilter(ApplicationFilterChain.java:212)
		at org.apache.catalina.core.ApplicationFilterChain.doFilter(ApplicationFilterChain.java:156)
		at org.apache.tomcat.websocket.server.WsFilter.doFilter(WsFilter.java:51)
		at org.apache.catalina.core.ApplicationFilterChain.internalDoFilter(ApplicationFilterChain.java:181)
		at org.apache.catalina.core.ApplicationFilterChain.doFilter(ApplicationFilterChain.java:156)
		at org.apache.catalina.core.StandardWrapperValve.invoke(StandardWrapperValve.java:168)
		at org.apache.catalina.core.StandardContextValve.invoke(StandardContextValve.java:90)
		at org.apache.catalina.authenticator.AuthenticatorBase.invoke(AuthenticatorBase.java:483)
		at org.apache.catalina.core.StandardHostValve.invoke(StandardHostValve.java:130)
		at org.apache.catalina.valves.ErrorReportValve.invoke(ErrorReportValve.java:93)
		at org.apache.catalina.valves.AbstractAccessLogValve.invoke(AbstractAccessLogValve.java:679)
		at org.apache.catalina.core.StandardEngineValve.invoke(StandardEngineValve.java:74)
		at org.apache.catalina.connector.CoyoteAdapter.service(CoyoteAdapter.java:343)
		at org.apache.coyote.http11.Http11Processor.service(Http11Processor.java:617)
		at org.apache.coyote.AbstractProcessorLight.process(AbstractProcessorLight.java:63)
		at org.apache.coyote.AbstractProtocol$ConnectionHandler.process(AbstractProtocol.java:932)
		at org.apache.tomcat.util.net.NioEndpoint$SocketProcessor.doRun(NioEndpoint.java:1694)
		at org.apache.tomcat.util.net.SocketProcessorBase.run(SocketProcessorBase.java:52)
		at org.apache.tomcat.util.threads.ThreadPoolExecutor.runWorker(ThreadPoolExecutor.java:1191)
		at org.apache.tomcat.util.threads.ThreadPoolExecutor$Worker.run(ThreadPoolExecutor.java:659)
		at org.apache.tomcat.util.threads.TaskThread$WrappingRunnable.run(TaskThread.java:61)
		at java.lang.Thread.run(Unknown Source)
10-Sep-2023 16:58:38.512 SEVERE [http-nio-8080-exec-8] org.apache.catalina.core.StandardWrapperValve.invoke Servlet.service() for servlet [jsp] in context with path [] threw exception [An exception occurred processing [/index.jsp] at line [22]

19:         try 
20:         {
21:             java.sql.Connection con;
22:             Class.forName("com.mysql.jdbc.Driver");
23:             con = DriverManager.getConnection("jdbc:mysql://localhost:3306/gevorgyan?autoReconnect=true&useSSL=false", user, password);
24:             out.println(db + " database successfully opened.<br/><br/>");
25:             out.println("Initial entries in table \"Student\": <br/>");


Stacktrace:] with root cause
	java.lang.ClassNotFoundException: com.mysql.jdbc.Driver
		at org.apache.catalina.loader.WebappClassLoaderBase.loadClass(WebappClassLoaderBase.java:1420)
		at org.apache.catalina.loader.WebappClassLoaderBase.loadClass(WebappClassLoaderBase.java:1228)
		at org.apache.jasper.servlet.JasperLoader.loadClass(JasperLoader.java:122)
		at org.apache.jasper.servlet.JasperLoader.loadClass(JasperLoader.java:58)
		at java.lang.Class.forName0(Native Method)
		at java.lang.Class.forName(Unknown Source)
		at org.apache.jsp.index_jsp._jspService(index_jsp.java:133)
		at org.apache.jasper.runtime.HttpJspBase.service(HttpJspBase.java:70)
		at javax.servlet.http.HttpServlet.service(HttpServlet.java:583)
		at org.apache.jasper.servlet.JspServletWrapper.service(JspServletWrapper.java:465)
		at org.apache.jasper.servlet.JspServlet.serviceJspFile(JspServlet.java:383)
		at org.apache.jasper.servlet.JspServlet.service(JspServlet.java:331)
		at javax.servlet.http.HttpServlet.service(HttpServlet.java:583)
		at org.apache.catalina.core.ApplicationFilterChain.internalDoFilter(ApplicationFilterChain.java:212)
		at org.apache.catalina.core.ApplicationFilterChain.doFilter(ApplicationFilterChain.java:156)
		at org.apache.tomcat.websocket.server.WsFilter.doFilter(WsFilter.java:51)
		at org.apache.catalina.core.ApplicationFilterChain.internalDoFilter(ApplicationFilterChain.java:181)
		at org.apache.catalina.core.ApplicationFilterChain.doFilter(ApplicationFilterChain.java:156)
		at org.apache.catalina.core.StandardWrapperValve.invoke(StandardWrapperValve.java:168)
		at org.apache.catalina.core.StandardContextValve.invoke(StandardContextValve.java:90)
		at org.apache.catalina.authenticator.AuthenticatorBase.invoke(AuthenticatorBase.java:483)
		at org.apache.catalina.core.StandardHostValve.invoke(StandardHostValve.java:130)
		at org.apache.catalina.valves.ErrorReportValve.invoke(ErrorReportValve.java:93)
		at org.apache.catalina.valves.AbstractAccessLogValve.invoke(AbstractAccessLogValve.java:679)
		at org.apache.catalina.core.StandardEngineValve.invoke(StandardEngineValve.java:74)
		at org.apache.catalina.connector.CoyoteAdapter.service(CoyoteAdapter.java:343)
		at org.apache.coyote.http11.Http11Processor.service(Http11Processor.java:617)
		at org.apache.coyote.AbstractProcessorLight.process(AbstractProcessorLight.java:63)
		at org.apache.coyote.AbstractProtocol$ConnectionHandler.process(AbstractProtocol.java:932)
		at org.apache.tomcat.util.net.NioEndpoint$SocketProcessor.doRun(NioEndpoint.java:1694)
		at org.apache.tomcat.util.net.SocketProcessorBase.run(SocketProcessorBase.java:52)
		at org.apache.tomcat.util.threads.ThreadPoolExecutor.runWorker(ThreadPoolExecutor.java:1191)
		at org.apache.tomcat.util.threads.ThreadPoolExecutor$Worker.run(ThreadPoolExecutor.java:659)
		at org.apache.tomcat.util.threads.TaskThread$WrappingRunnable.run(TaskThread.java:61)
		at java.lang.Thread.run(Unknown Source)
10-Sep-2023 16:58:41.323 SEVERE [http-nio-8080-exec-9] org.apache.catalina.core.StandardWrapperValve.invoke Servlet.service() for servlet [jsp] in context with path [] threw exception [An exception occurred processing [/index.jsp] at line [22]

19:         try 
20:         {
21:             java.sql.Connection con;
22:             Class.forName("com.mysql.jdbc.Driver");
23:             con = DriverManager.getConnection("jdbc:mysql://localhost:3306/gevorgyan?autoReconnect=true&useSSL=false", user, password);
24:             out.println(db + " database successfully opened.<br/><br/>");
25:             out.println("Initial entries in table \"Student\": <br/>");


Stacktrace:] with root cause
	java.lang.ClassNotFoundException: com.mysql.jdbc.Driver
		at org.apache.catalina.loader.WebappClassLoaderBase.loadClass(WebappClassLoaderBase.java:1420)
		at org.apache.catalina.loader.WebappClassLoaderBase.loadClass(WebappClassLoaderBase.java:1228)
		at org.apache.jasper.servlet.JasperLoader.loadClass(JasperLoader.java:122)
		at org.apache.jasper.servlet.JasperLoader.loadClass(JasperLoader.java:58)
		at java.lang.Class.forName0(Native Method)
		at java.lang.Class.forName(Unknown Source)
		at org.apache.jsp.index_jsp._jspService(index_jsp.java:133)
		at org.apache.jasper.runtime.HttpJspBase.service(HttpJspBase.java:70)
		at javax.servlet.http.HttpServlet.service(HttpServlet.java:583)
		at org.apache.jasper.servlet.JspServletWrapper.service(JspServletWrapper.java:465)
		at org.apache.jasper.servlet.JspServlet.serviceJspFile(JspServlet.java:383)
		at org.apache.jasper.servlet.JspServlet.service(JspServlet.java:331)
		at javax.servlet.http.HttpServlet.service(HttpServlet.java:583)
		at org.apache.catalina.core.ApplicationFilterChain.internalDoFilter(ApplicationFilterChain.java:212)
		at org.apache.catalina.core.ApplicationFilterChain.doFilter(ApplicationFilterChain.java:156)
		at org.apache.tomcat.websocket.server.WsFilter.doFilter(WsFilter.java:51)
		at org.apache.catalina.core.ApplicationFilterChain.internalDoFilter(ApplicationFilterChain.java:181)
		at org.apache.catalina.core.ApplicationFilterChain.doFilter(ApplicationFilterChain.java:156)
		at org.apache.catalina.core.StandardWrapperValve.invoke(StandardWrapperValve.java:168)
		at org.apache.catalina.core.StandardContextValve.invoke(StandardContextValve.java:90)
		at org.apache.catalina.authenticator.AuthenticatorBase.invoke(AuthenticatorBase.java:483)
		at org.apache.catalina.core.StandardHostValve.invoke(StandardHostValve.java:130)
		at org.apache.catalina.valves.ErrorReportValve.invoke(ErrorReportValve.java:93)
		at org.apache.catalina.valves.AbstractAccessLogValve.invoke(AbstractAccessLogValve.java:679)
		at org.apache.catalina.core.StandardEngineValve.invoke(StandardEngineValve.java:74)
		at org.apache.catalina.connector.CoyoteAdapter.service(CoyoteAdapter.java:343)
		at org.apache.coyote.http11.Http11Processor.service(Http11Processor.java:617)
		at org.apache.coyote.AbstractProcessorLight.process(AbstractProcessorLight.java:63)
		at org.apache.coyote.AbstractProtocol$ConnectionHandler.process(AbstractProtocol.java:932)
		at org.apache.tomcat.util.net.NioEndpoint$SocketProcessor.doRun(NioEndpoint.java:1694)
		at org.apache.tomcat.util.net.SocketProcessorBase.run(SocketProcessorBase.java:52)
		at org.apache.tomcat.util.threads.ThreadPoolExecutor.runWorker(ThreadPoolExecutor.java:1191)
		at org.apache.tomcat.util.threads.ThreadPoolExecutor$Worker.run(ThreadPoolExecutor.java:659)
		at org.apache.tomcat.util.threads.TaskThread$WrappingRunnable.run(TaskThread.java:61)
		at java.lang.Thread.run(Unknown Source)
10-Sep-2023 16:58:45.696 INFO [localhost-startStop-2] org.apache.catalina.core.ApplicationContext.log SessionListener: contextDestroyed()
10-Sep-2023 16:58:45.696 INFO [localhost-startStop-2] org.apache.catalina.core.ApplicationContext.log ContextListener: contextDestroyed()
10-Sep-2023 16:58:49.314 INFO [localhost-startStop-1] org.apache.catalina.core.ApplicationContext.log ContextListener: contextInitialized()
10-Sep-2023 16:58:49.314 INFO [localhost-startStop-1] org.apache.catalina.core.ApplicationContext.log SessionListener: contextInitialized()
10-Sep-2023 16:58:49.314 INFO [localhost-startStop-1] org.apache.catalina.core.ApplicationContext.log ContextListener: attributeAdded('StockTicker', 'async.Stockticker@13e272e')
10-Sep-2023 16:58:52.077 SEVERE [http-nio-8080-exec-1] org.apache.catalina.core.StandardWrapperValve.invoke Servlet.service() for servlet [jsp] in context with path [] threw exception [javax.servlet.ServletException: java.lang.ClassNotFoundException: com.mysql.jdbc.Driver] with root cause
	java.lang.ClassNotFoundException: com.mysql.jdbc.Driver
		at org.apache.catalina.loader.WebappClassLoaderBase.loadClass(WebappClassLoaderBase.java:1420)
		at org.apache.catalina.loader.WebappClassLoaderBase.loadClass(WebappClassLoaderBase.java:1228)
		at org.apache.jasper.servlet.JasperLoader.loadClass(JasperLoader.java:122)
		at org.apache.jasper.servlet.JasperLoader.loadClass(JasperLoader.java:58)
		at java.lang.Class.forName0(Native Method)
		at java.lang.Class.forName(Unknown Source)
		at org.apache.jsp.index_jsp._jspService(index_jsp.java:133)
		at org.apache.jasper.runtime.HttpJspBase.service(HttpJspBase.java:70)
		at javax.servlet.http.HttpServlet.service(HttpServlet.java:583)
		at org.apache.jasper.servlet.JspServletWrapper.service(JspServletWrapper.java:465)
		at org.apache.jasper.servlet.JspServlet.serviceJspFile(JspServlet.java:383)
		at org.apache.jasper.servlet.JspServlet.service(JspServlet.java:331)
		at javax.servlet.http.HttpServlet.service(HttpServlet.java:583)
		at org.apache.catalina.core.ApplicationFilterChain.internalDoFilter(ApplicationFilterChain.java:212)
		at org.apache.catalina.core.ApplicationFilterChain.doFilter(ApplicationFilterChain.java:156)
		at org.apache.tomcat.websocket.server.WsFilter.doFilter(WsFilter.java:51)
		at org.apache.catalina.core.ApplicationFilterChain.internalDoFilter(ApplicationFilterChain.java:181)
		at org.apache.catalina.core.ApplicationFilterChain.doFilter(ApplicationFilterChain.java:156)
		at org.apache.catalina.core.StandardWrapperValve.invoke(StandardWrapperValve.java:168)
		at org.apache.catalina.core.StandardContextValve.invoke(StandardContextValve.java:90)
		at org.apache.catalina.authenticator.AuthenticatorBase.invoke(AuthenticatorBase.java:483)
		at org.apache.catalina.core.StandardHostValve.invoke(StandardHostValve.java:130)
		at org.apache.catalina.valves.ErrorReportValve.invoke(ErrorReportValve.java:93)
		at org.apache.catalina.valves.AbstractAccessLogValve.invoke(AbstractAccessLogValve.java:679)
		at org.apache.catalina.core.StandardEngineValve.invoke(StandardEngineValve.java:74)
		at org.apache.catalina.connector.CoyoteAdapter.service(CoyoteAdapter.java:343)
		at org.apache.coyote.http11.Http11Processor.service(Http11Processor.java:617)
		at org.apache.coyote.AbstractProcessorLight.process(AbstractProcessorLight.java:63)
		at org.apache.coyote.AbstractProtocol$ConnectionHandler.process(AbstractProtocol.java:932)
		at org.apache.tomcat.util.net.NioEndpoint$SocketProcessor.doRun(NioEndpoint.java:1694)
		at org.apache.tomcat.util.net.SocketProcessorBase.run(SocketProcessorBase.java:52)
		at org.apache.tomcat.util.threads.ThreadPoolExecutor.runWorker(ThreadPoolExecutor.java:1191)
		at org.apache.tomcat.util.threads.ThreadPoolExecutor$Worker.run(ThreadPoolExecutor.java:659)
		at org.apache.tomcat.util.threads.TaskThread$WrappingRunnable.run(TaskThread.java:61)
		at java.lang.Thread.run(Unknown Source)
10-Sep-2023 16:58:52.818 SEVERE [http-nio-8080-exec-2] org.apache.catalina.core.StandardWrapperValve.invoke Servlet.service() for servlet [jsp] in context with path [] threw exception [javax.servlet.ServletException: java.lang.ClassNotFoundException: com.mysql.jdbc.Driver] with root cause
	java.lang.ClassNotFoundException: com.mysql.jdbc.Driver
		at org.apache.catalina.loader.WebappClassLoaderBase.loadClass(WebappClassLoaderBase.java:1420)
		at org.apache.catalina.loader.WebappClassLoaderBase.loadClass(WebappClassLoaderBase.java:1228)
		at org.apache.jasper.servlet.JasperLoader.loadClass(JasperLoader.java:122)
		at org.apache.jasper.servlet.JasperLoader.loadClass(JasperLoader.java:58)
		at java.lang.Class.forName0(Native Method)
		at java.lang.Class.forName(Unknown Source)
		at org.apache.jsp.index_jsp._jspService(index_jsp.java:133)
		at org.apache.jasper.runtime.HttpJspBase.service(HttpJspBase.java:70)
		at javax.servlet.http.HttpServlet.service(HttpServlet.java:583)
		at org.apache.jasper.servlet.JspServletWrapper.service(JspServletWrapper.java:465)
		at org.apache.jasper.servlet.JspServlet.serviceJspFile(JspServlet.java:383)
		at org.apache.jasper.servlet.JspServlet.service(JspServlet.java:331)
		at javax.servlet.http.HttpServlet.service(HttpServlet.java:583)
		at org.apache.catalina.core.ApplicationFilterChain.internalDoFilter(ApplicationFilterChain.java:212)
		at org.apache.catalina.core.ApplicationFilterChain.doFilter(ApplicationFilterChain.java:156)
		at org.apache.tomcat.websocket.server.WsFilter.doFilter(WsFilter.java:51)
		at org.apache.catalina.core.ApplicationFilterChain.internalDoFilter(ApplicationFilterChain.java:181)
		at org.apache.catalina.core.ApplicationFilterChain.doFilter(ApplicationFilterChain.java:156)
		at org.apache.catalina.core.StandardWrapperValve.invoke(StandardWrapperValve.java:168)
		at org.apache.catalina.core.StandardContextValve.invoke(StandardContextValve.java:90)
		at org.apache.catalina.authenticator.AuthenticatorBase.invoke(AuthenticatorBase.java:483)
		at org.apache.catalina.core.StandardHostValve.invoke(StandardHostValve.java:130)
		at org.apache.catalina.valves.ErrorReportValve.invoke(ErrorReportValve.java:93)
		at org.apache.catalina.valves.AbstractAccessLogValve.invoke(AbstractAccessLogValve.java:679)
		at org.apache.catalina.core.StandardEngineValve.invoke(StandardEngineValve.java:74)
		at org.apache.catalina.connector.CoyoteAdapter.service(CoyoteAdapter.java:343)
		at org.apache.coyote.http11.Http11Processor.service(Http11Processor.java:617)
		at org.apache.coyote.AbstractProcessorLight.process(AbstractProcessorLight.java:63)
		at org.apache.coyote.AbstractProtocol$ConnectionHandler.process(AbstractProtocol.java:932)
		at org.apache.tomcat.util.net.NioEndpoint$SocketProcessor.doRun(NioEndpoint.java:1694)
		at org.apache.tomcat.util.net.SocketProcessorBase.run(SocketProcessorBase.java:52)
		at org.apache.tomcat.util.threads.ThreadPoolExecutor.runWorker(ThreadPoolExecutor.java:1191)
		at org.apache.tomcat.util.threads.ThreadPoolExecutor$Worker.run(ThreadPoolExecutor.java:659)
		at org.apache.tomcat.util.threads.TaskThread$WrappingRunnable.run(TaskThread.java:61)
		at java.lang.Thread.run(Unknown Source)
10-Sep-2023 16:58:53.244 SEVERE [http-nio-8080-exec-3] org.apache.catalina.core.StandardWrapperValve.invoke Servlet.service() for servlet [jsp] in context with path [] threw exception [javax.servlet.ServletException: java.lang.ClassNotFoundException: com.mysql.jdbc.Driver] with root cause
	java.lang.ClassNotFoundException: com.mysql.jdbc.Driver
		at org.apache.catalina.loader.WebappClassLoaderBase.loadClass(WebappClassLoaderBase.java:1420)
		at org.apache.catalina.loader.WebappClassLoaderBase.loadClass(WebappClassLoaderBase.java:1228)
		at org.apache.jasper.servlet.JasperLoader.loadClass(JasperLoader.java:122)
		at org.apache.jasper.servlet.JasperLoader.loadClass(JasperLoader.java:58)
		at java.lang.Class.forName0(Native Method)
		at java.lang.Class.forName(Unknown Source)
		at org.apache.jsp.index_jsp._jspService(index_jsp.java:133)
		at org.apache.jasper.runtime.HttpJspBase.service(HttpJspBase.java:70)
		at javax.servlet.http.HttpServlet.service(HttpServlet.java:583)
		at org.apache.jasper.servlet.JspServletWrapper.service(JspServletWrapper.java:465)
		at org.apache.jasper.servlet.JspServlet.serviceJspFile(JspServlet.java:383)
		at org.apache.jasper.servlet.JspServlet.service(JspServlet.java:331)
		at javax.servlet.http.HttpServlet.service(HttpServlet.java:583)
		at org.apache.catalina.core.ApplicationFilterChain.internalDoFilter(ApplicationFilterChain.java:212)
		at org.apache.catalina.core.ApplicationFilterChain.doFilter(ApplicationFilterChain.java:156)
		at org.apache.tomcat.websocket.server.WsFilter.doFilter(WsFilter.java:51)
		at org.apache.catalina.core.ApplicationFilterChain.internalDoFilter(ApplicationFilterChain.java:181)
		at org.apache.catalina.core.ApplicationFilterChain.doFilter(ApplicationFilterChain.java:156)
		at org.apache.catalina.core.StandardWrapperValve.invoke(StandardWrapperValve.java:168)
		at org.apache.catalina.core.StandardContextValve.invoke(StandardContextValve.java:90)
		at org.apache.catalina.authenticator.AuthenticatorBase.invoke(AuthenticatorBase.java:483)
		at org.apache.catalina.core.StandardHostValve.invoke(StandardHostValve.java:130)
		at org.apache.catalina.valves.ErrorReportValve.invoke(ErrorReportValve.java:93)
		at org.apache.catalina.valves.AbstractAccessLogValve.invoke(AbstractAccessLogValve.java:679)
		at org.apache.catalina.core.StandardEngineValve.invoke(StandardEngineValve.java:74)
		at org.apache.catalina.connector.CoyoteAdapter.service(CoyoteAdapter.java:343)
		at org.apache.coyote.http11.Http11Processor.service(Http11Processor.java:617)
		at org.apache.coyote.AbstractProcessorLight.process(AbstractProcessorLight.java:63)
		at org.apache.coyote.AbstractProtocol$ConnectionHandler.process(AbstractProtocol.java:932)
		at org.apache.tomcat.util.net.NioEndpoint$SocketProcessor.doRun(NioEndpoint.java:1694)
		at org.apache.tomcat.util.net.SocketProcessorBase.run(SocketProcessorBase.java:52)
		at org.apache.tomcat.util.threads.ThreadPoolExecutor.runWorker(ThreadPoolExecutor.java:1191)
		at org.apache.tomcat.util.threads.ThreadPoolExecutor$Worker.run(ThreadPoolExecutor.java:659)
		at org.apache.tomcat.util.threads.TaskThread$WrappingRunnable.run(TaskThread.java:61)
		at java.lang.Thread.run(Unknown Source)
10-Sep-2023 16:58:55.733 SEVERE [http-nio-8080-exec-4] org.apache.catalina.core.StandardWrapperValve.invoke Servlet.service() for servlet [jsp] in context with path [] threw exception [javax.servlet.ServletException: java.lang.ClassNotFoundException: com.mysql.jdbc.Driver] with root cause
	java.lang.ClassNotFoundException: com.mysql.jdbc.Driver
		at org.apache.catalina.loader.WebappClassLoaderBase.loadClass(WebappClassLoaderBase.java:1420)
		at org.apache.catalina.loader.WebappClassLoaderBase.loadClass(WebappClassLoaderBase.java:1228)
		at org.apache.jasper.servlet.JasperLoader.loadClass(JasperLoader.java:122)
		at org.apache.jasper.servlet.JasperLoader.loadClass(JasperLoader.java:58)
		at java.lang.Class.forName0(Native Method)
		at java.lang.Class.forName(Unknown Source)
		at org.apache.jsp.index_jsp._jspService(index_jsp.java:133)
		at org.apache.jasper.runtime.HttpJspBase.service(HttpJspBase.java:70)
		at javax.servlet.http.HttpServlet.service(HttpServlet.java:583)
		at org.apache.jasper.servlet.JspServletWrapper.service(JspServletWrapper.java:465)
		at org.apache.jasper.servlet.JspServlet.serviceJspFile(JspServlet.java:383)
		at org.apache.jasper.servlet.JspServlet.service(JspServlet.java:331)
		at javax.servlet.http.HttpServlet.service(HttpServlet.java:583)
		at org.apache.catalina.core.ApplicationFilterChain.internalDoFilter(ApplicationFilterChain.java:212)
		at org.apache.catalina.core.ApplicationFilterChain.doFilter(ApplicationFilterChain.java:156)
		at org.apache.tomcat.websocket.server.WsFilter.doFilter(WsFilter.java:51)
		at org.apache.catalina.core.ApplicationFilterChain.internalDoFilter(ApplicationFilterChain.java:181)
		at org.apache.catalina.core.ApplicationFilterChain.doFilter(ApplicationFilterChain.java:156)
		at org.apache.catalina.core.StandardWrapperValve.invoke(StandardWrapperValve.java:168)
		at org.apache.catalina.core.StandardContextValve.invoke(StandardContextValve.java:90)
		at org.apache.catalina.authenticator.AuthenticatorBase.invoke(AuthenticatorBase.java:483)
		at org.apache.catalina.core.StandardHostValve.invoke(StandardHostValve.java:130)
		at org.apache.catalina.valves.ErrorReportValve.invoke(ErrorReportValve.java:93)
		at org.apache.catalina.valves.AbstractAccessLogValve.invoke(AbstractAccessLogValve.java:679)
		at org.apache.catalina.core.StandardEngineValve.invoke(StandardEngineValve.java:74)
		at org.apache.catalina.connector.CoyoteAdapter.service(CoyoteAdapter.java:343)
		at org.apache.coyote.http11.Http11Processor.service(Http11Processor.java:617)
		at org.apache.coyote.AbstractProcessorLight.process(AbstractProcessorLight.java:63)
		at org.apache.coyote.AbstractProtocol$ConnectionHandler.process(AbstractProtocol.java:932)
		at org.apache.tomcat.util.net.NioEndpoint$SocketProcessor.doRun(NioEndpoint.java:1694)
		at org.apache.tomcat.util.net.SocketProcessorBase.run(SocketProcessorBase.java:52)
		at org.apache.tomcat.util.threads.ThreadPoolExecutor.runWorker(ThreadPoolExecutor.java:1191)
		at org.apache.tomcat.util.threads.ThreadPoolExecutor$Worker.run(ThreadPoolExecutor.java:659)
		at org.apache.tomcat.util.threads.TaskThread$WrappingRunnable.run(TaskThread.java:61)
		at java.lang.Thread.run(Unknown Source)
10-Sep-2023 16:59:21.121 INFO [localhost-startStop-2] org.apache.catalina.core.ApplicationContext.log SessionListener: contextDestroyed()
10-Sep-2023 16:59:21.121 INFO [localhost-startStop-2] org.apache.catalina.core.ApplicationContext.log ContextListener: contextDestroyed()
10-Sep-2023 16:59:24.922 INFO [localhost-startStop-1] org.apache.catalina.core.ApplicationContext.log ContextListener: contextInitialized()
10-Sep-2023 16:59:24.922 INFO [localhost-startStop-1] org.apache.catalina.core.ApplicationContext.log SessionListener: contextInitialized()
10-Sep-2023 16:59:24.923 INFO [localhost-startStop-1] org.apache.catalina.core.ApplicationContext.log ContextListener: attributeAdded('StockTicker', 'async.Stockticker@1da3e4a')
